1658163309268	geckodriver	INFO	Listening on 127.0.0.1:64643
1658163312327	mozrunner::runner	INFO	Running command: "C:\\Program Files\\Mozilla Firefox\\firefox.exe" "--marionette" "-headless" "--remote-debugging-port" "64644" "--remote-allow-hosts" "localhost" "-no-remote" "-profile" "C:\\Users\\ajpor\\AppData\\Local\\Temp\\rust_mozprofilett50Q8"
*** You are running in headless mode.
1658163312570	Marionette	INFO	Marionette enabled
1658163312573	Marionette	INFO	Listening on port 64654
WebDriver BiDi listening on ws://localhost:64644
Read port: 64654
1658163312834	RemoteAgent	WARN	TLS certificate errors will be ignored for this session
[GFX1-]: RenderCompositorSWGL failed mapping default framebuffer, no dt
console.warn: SearchSettings: "get: No settings file exists, new profile?" (new NotFoundError("Could not open the file at C:\\Users\\ajpor\\AppData\\Local\\Temp\\rust_mozprofilett50Q8\\search.json.mozlz4", (void 0)))
DevTools listening on ws://localhost:64644/devtools/browser/c2d9d7a7-00ea-47d7-85a4-fbdc6705d7cd
A content process crashed and MOZ_CRASHREPORTER_SHUTDOWN is set, shutting down
ner::runner	INFO	Running command: "C:\\Program Files\\Mozilla Firefox\\firefox.exe" "--marionette" "-headless" "--remote-debugging-port" "64760" "--remote-allow-hosts" "localhost" "-no-remote" "-profile" "C:\\Users\\ajpor\\AppData\\Local\\Temp\\rust_mozprofileLxOOFa"
*** You are running in headless mode.
1658163320680	Marionette	INFO	Marionette enabled
1658163320684	Marionette	INFO	Listening on port 64772
WebDriver BiDi listening on ws://localhost:64760
Read port: 64772
1658163320964	RemoteAgent	WARN	TLS certificate errors will be ignored for this session
[GFX1-]: RenderCompositorSWGL failed mapping default framebuffer, no dt
console.warn: SearchSettings: "get: No settings file exists, new profile?" (new NotFoundError("Could not open the file at C:\\Users\\ajpor\\AppData\\Local\\Temp\\rust_mozprofileLxOOFa\\search.json.mozlz4", (void 0)))
DevTools listening on ws://localhost:64760/devtools/browser/79291273-0fa8-4020-8fce-059480a4df7e
1658163325945	geckodriver	INFO	Listening on 127.0.0.1:64882
1658163328993	mozrunner::runner	INFO	Running command: "C:\\Program Files\\Mozilla Firefox\\firefox.exe" "--marionette" "-headless" "--remote-debugging-port" "64883" "--remote-allow-hosts" "localhost" "-no-remote" "-profile" "C:\\Users\\ajpor\\AppData\\Local\\Temp\\rust_mozprofileJO3BWo"
*** You are running in headless mode.
1658163329238	Marionette	INFO	Marionette enabled
1658163329241	Marionette	INFO	Listening on port 64895
WebDriver BiDi listening on ws://localhost:64883
Read port: 64895
1658163329502	RemoteAgent	WARN	TLS certificate errors will be ignored for this session
[GFX1-]: RenderCompositorSWGL failed mapping default framebuffer, no dt
console.warn: SearchSettings: "get: No settings file exists, new profile?" (new NotFoundError("Could not open the file at C:\\Users\\ajpor\\AppData\\Local\\Temp\\rust_mozprofileJO3BWo\\search.json.mozlz4", (void 0)))
DevTools listening on ws://localhost:64883/devtools/browser/829de0a6-7536-4791-a778-f5d304f162bb
1658163334715	geckodriver	INFO	Listening on 127.0.0.1:64996
1658163337744	mozrunner::runner	INFO	Running command: "C:\\Program Files\\Mozilla Firefox\\firefox.exe" "--marionette" "-headless" "--remote-debugging-port" "64997" "--remote-allow-hosts" "localhost" "-no-remote" "-profile" "C:\\Users\\ajpor\\AppData\\Local\\Temp\\rust_mozprofileMA5HTg"
*** You are running in headless mode.
1658163337991	Marionette	INFO	Marionette enabled
1658163337994	Marionette	INFO	Listening on port 65013
WebDriver BiDi listening on ws://localhost:64997
Read port: 65013
1658163338251	RemoteAgent	WARN	TLS certificate errors will be ignored for this session
[GFX1-]: RenderCompositorSWGL failed mapping default framebuffer, no dt
console.warn: SearchSettings: "get: No settings file exists, new profile?" (new NotFoundError("Could not open the file at C:\\Users\\ajpor\\AppData\\Local\\Temp\\rust_mozprofileMA5HTg\\search.json.mozlz4", (void 0)))
DevTools listening on ws://localhost:64997/devtools/browser/734319bd-d97e-4988-b2d5-8e6ba99efa1c
1658163342557	geckodriver	INFO	Listening on 127.0.0.1:65121
1658163345590	mozrunner::runner	INFO	Running command: "C:\\Program Files\\Mozilla Firefox\\firefox.exe" "--marionette" "-headless" "--remote-debugging-port" "65122" "--remote-allow-hosts" "localhost" "-no-remote" "-profile" "C:\\Users\\ajpor\\AppData\\Local\\Temp\\rust_mozprofileYLOpAe"
*** You are running in headless mode.
1658163345829	Marionette	INFO	Marionette enabled
1658163345833	Marionette	INFO	Listening on port 65136
WebDriver BiDi listening on ws://localhost:65122
Read port: 65136
1658163346013	RemoteAgent	WARN	TLS certificate errors will be ignored for this session
[GFX1-]: RenderCompositorSWGL failed mapping default framebuffer, no dt
console.warn: SearchSettings: "get: No settings file exists, new profile?" (new NotFoundError("Could not open the file at C:\\Users\\ajpor\\AppData\\Local\\Temp\\rust_mozprofileYLOpAe\\search.json.mozlz4", (void 0)))
DevTools listening on ws://localhost:65122/devtools/browser/4bdea74c-4663-4768-8704-4bcdfdd2f887
1658163350877	geckodriver	INFO	Listening on 127.0.0.1:65242
1658163353928	mozrunner::runner	INFO	Running command: "C:\\Program Files\\Mozilla Firefox\\firefox.exe" "--marionette" "-headless" "--remote-debugging-port" "65243" "--remote-allow-hosts" "localhost" "-no-remote" "-profile" "C:\\Users\\ajpor\\AppData\\Local\\Temp\\rust_mozprofilecQiNGK"
*** You are running in headless mode.
1658163354173	Marionette	INFO	Marionette enabled
1658163354176	Marionette	INFO	Listening on port 65257
WebDriver BiDi listening on ws://localhost:65243
Read port: 65257
1658163354358	RemoteAgent	WARN	TLS certificate errors will be ignored for this session
[GFX1-]: RenderCompositorSWGL failed mapping default framebuffer, no dt
console.warn: SearchSettings: "get: No settings file exists, new profile?" (new NotFoundError("Could not open the file at C:\\Users\\ajpor\\AppData\\Local\\Temp\\rust_mozprofilecQiNGK\\search.json.mozlz4", (void 0)))
DevTools listening on ws://localhost:65243/devtools/browser/46e118e3-d2f3-493f-af24-3e8c91b194dc
Shutting down due to socket process crash.
127.0.0.1:65367
1658163361920	mozrunner::runner	INFO	Running command: "C:\\Program Files\\Mozilla Firefox\\firefox.exe" "--marionette" "-headless" "--remote-debugging-port" "65368" "--remote-allow-hosts" "localhost" "-no-remote" "-profile" "C:\\Users\\ajpor\\AppData\\Local\\Temp\\rust_mozprofileCv27Us"
*** You are running in headless mode.
1658163362158	Marionette	INFO	Marionette enabled
1658163362161	Marionette	INFO	Listening on port 65379
WebDriver BiDi listening on ws://localhost:65368
Read port: 65379
1658163362415	RemoteAgent	WARN	TLS certificate errors will be ignored for this session
[GFX1-]: RenderCompositorSWGL failed mapping default framebuffer, no dt
console.warn: SearchSettings: "get: No settings file exists, new profile?" (new NotFoundError("Could not open the file at C:\\Users\\ajpor\\AppData\\Local\\Temp\\rust_mozprofileCv27Us\\search.json.mozlz4", (void 0)))
DevTools listening on ws://localhost:65368/devtools/browser/a7ba1ab1-249d-4080-84f8-e0c5ea503656
Shutting down due to socket process crash.
127.0.0.1:65489
1658163370110	mozrunner::runner	INFO	Running command: "C:\\Program Files\\Mozilla Firefox\\firefox.exe" "--marionette" "-headless" "--remote-debugging-port" "65490" "--remote-allow-hosts" "localhost" "-no-remote" "-profile" "C:\\Users\\ajpor\\AppData\\Local\\Temp\\rust_mozprofile9gNOSr"
*** You are running in headless mode.
1658163370355	Marionette	INFO	Marionette enabled
1658163370359	Marionette	INFO	Listening on port 65511
WebDriver BiDi listening on ws://localhost:65490
Read port: 65511
1658163370558	RemoteAgent	WARN	TLS certificate errors will be ignored for this session
[GFX1-]: RenderCompositorSWGL failed mapping default framebuffer, no dt
console.warn: SearchSettings: "get: No settings file exists, new profile?" (new NotFoundError("Could not open the file at C:\\Users\\ajpor\\AppData\\Local\\Temp\\rust_mozprofile9gNOSr\\search.json.mozlz4", (void 0)))
DevTools listening on ws://localhost:65490/devtools/browser/6842bc27-a4dd-4735-8ba6-982c43718afe
1658163375399	geckodriver	INFO	Listening on 127.0.0.1:49234
1658163378410	mozrunner::runner	INFO	Running command: "C:\\Program Files\\Mozilla Firefox\\firefox.exe" "--marionette" "-headless" "--remote-debugging-port" "49235" "--remote-allow-hosts" "localhost" "-no-remote" "-profile" "C:\\Users\\ajpor\\AppData\\Local\\Temp\\rust_mozprofile729Uwe"
*** You are running in headless mode.
1658163378662	Marionette	INFO	Marionette enabled
1658163378666	Marionette	INFO	Listening on port 49248
WebDriver BiDi listening on ws://localhost:49235
Read port: 49248
1658163378837	RemoteAgent	WARN	TLS certificate errors will be ignored for this session
[GFX1-]: RenderCompositorSWGL failed mapping default framebuffer, no dt
console.warn: SearchSettings: "get: No settings file exists, new profile?" (new NotFoundError("Could not open the file at C:\\Users\\ajpor\\AppData\\Local\\Temp\\rust_mozprofile729Uwe\\search.json.mozlz4", (void 0)))
DevTools listening on ws://localhost:49235/devtools/browser/82e2d84d-b293-4335-8771-4a1bfa30929f
1658163383109	geckodriver	INFO	Listening on 127.0.0.1:49356
1658163386156	mozrunner::runner	INFO	Running command: "C:\\Program Files\\Mozilla Firefox\\firefox.exe" "--marionette" "-headless" "--remote-debugging-port" "49357" "--remote-allow-hosts" "localhost" "-no-remote" "-profile" "C:\\Users\\ajpor\\AppData\\Local\\Temp\\rust_mozprofiles5RPXr"
*** You are running in headless mode.
1658163386380	Marionette	INFO	Marionette enabled
1658163386383	Marionette	INFO	Listening on port 49373
WebDriver BiDi listening on ws://localhost:49357
Read port: 49373
1658163386663	RemoteAgent	WARN	TLS certificate errors will be ignored for this session
[GFX1-]: RenderCompositorSWGL failed mapping default framebuffer, no dt
console.warn: SearchSettings: "get: No settings file exists, new profile?" (new NotFoundError("Could not open the file at C:\\Users\\ajpor\\AppData\\Local\\Temp\\rust_mozprofiles5RPXr\\search.json.mozlz4", (void 0)))
DevTools listening on ws://localhost:49357/devtools/browser/382b447b-224f-4153-a4c8-f763b8fe2975
1658163391558	geckodriver	INFO	Listening on 127.0.0.1:49486
1658163394597	mozrunner::runner	INFO	Running command: "C:\\Program Files\\Mozilla Firefox\\firefox.exe" "--marionette" "-headless" "--remote-debugging-port" "49487" "--remote-allow-hosts" "localhost" "-no-remote" "-profile" "C:\\Users\\ajpor\\AppData\\Local\\Temp\\rust_mozprofilemghrJF"
*** You are running in headless mode.
1658163394842	Marionette	INFO	Marionette enabled
1658163394845	Marionette	INFO	Listening on port 49499
WebDriver BiDi listening on ws://localhost:49487
Read port: 49499
1658163395125	RemoteAgent	WARN	TLS certificate errors will be ignored for this session
[GFX1-]: RenderCompositorSWGL failed mapping default framebuffer, no dt
console.warn: SearchSettings: "get: No settings file exists, new profile?" (new NotFoundError("Could not open the file at C:\\Users\\ajpor\\AppData\\Local\\Temp\\rust_mozprofilemghrJF\\search.json.mozlz4", (void 0)))
DevTools listening on ws://localhost:49487/devtools/browser/0db2b9bf-6cf0-4240-9ba5-c1542a894270
1658163399510	geckodriver	INFO	Listening on 127.0.0.1:49607
1658163402544	mozrunner::runner	INFO	Running command: "C:\\Program Files\\Mozilla Firefox\\firefox.exe" "--marionette" "-headless" "--remote-debugging-port" "49608" "--remote-allow-hosts" "localhost" "-no-remote" "-profile" "C:\\Users\\ajpor\\AppData\\Local\\Temp\\rust_mozprofilel53giK"
*** You are running in headless mode.
1658163402789	Marionette	INFO	Marionette enabled
1658163402792	Marionette	INFO	Listening on port 49620
WebDriver BiDi listening on ws://localhost:49608
Read port: 49620
1658163403001	RemoteAgent	WARN	TLS certificate errors will be ignored for this session
[GFX1-]: RenderCompositorSWGL failed mapping default framebuffer, no dt
console.warn: SearchSettings: "get: No settings file exists, new profile?" (new NotFoundError("Could not open the file at C:\\Users\\ajpor\\AppData\\Local\\Temp\\rust_mozprofilel53giK\\search.json.mozlz4", (void 0)))
DevTools listening on ws://localhost:49608/devtools/browser/6afa4b59-2d8e-4ca9-884f-dcce4c0f7df4
1658163407774	geckodriver	INFO	Listening on 127.0.0.1:49740
1658163410803	mozrunner::runner	INFO	Running command: "C:\\Program Files\\Mozilla Firefox\\firefox.exe" "--marionette" "-headless" "--remote-debugging-port" "49741" "--remote-allow-hosts" "localhost" "-no-remote" "-profile" "C:\\Users\\ajpor\\AppData\\Local\\Temp\\rust_mozprofilejVxvM9"
*** You are running in headless mode.
1658163411058	Marionette	INFO	Marionette enabled
1658163411062	Marionette	INFO	Listening on port 49752
WebDriver BiDi listening on ws://localhost:49741
Read port: 49752
1658163411338	RemoteAgent	WARN	TLS certificate errors will be ignored for this session
[GFX1-]: RenderCompositorSWGL failed mapping default framebuffer, no dt
console.warn: SearchSettings: "get: No settings file exists, new profile?" (new NotFoundError("Could not open the file at C:\\Users\\ajpor\\AppData\\Local\\Temp\\rust_mozprofilejVxvM9\\search.json.mozlz4", (void 0)))
DevTools listening on ws://localhost:49741/devtools/browser/38739bd3-3338-4a28-a54a-ac4c1ad2b3c9
1658163417024	geckodriver	INFO	Listening on 127.0.0.1:49868
1658163420066	mozrunner::runner	INFO	Running command: "C:\\Program Files\\Mozilla Firefox\\firefox.exe" "--marionette" "-headless" "--remote-debugging-port" "49871" "--remote-allow-hosts" "localhost" "-no-remote" "-profile" "C:\\Users\\ajpor\\AppData\\Local\\Temp\\rust_mozprofilevSHVUP"
*** You are running in headless mode.
1658163420284	Marionette	INFO	Marionette enabled
1658163420287	Marionette	INFO	Listening on port 49887
WebDriver BiDi listening on ws://localhost:49871
Read port: 49887
1658163420534	RemoteAgent	WARN	TLS certificate errors will be ignored for this session
[GFX1-]: RenderCompositorSWGL failed mapping default framebuffer, no dt
console.warn: SearchSettings: "get: No settings file exists, new profile?" (new NotFoundError("Could not open the file at C:\\Users\\ajpor\\AppData\\Local\\Temp\\rust_mozprofilevSHVUP\\search.json.mozlz4", (void 0)))
DevTools listening on ws://localhost:49871/devtools/browser/5dafa4d3-3910-492a-a096-0db387b7d195
1658163425190	geckodriver	INFO	Listening on 127.0.0.1:50010
1658163428228	mozrunner::runner	INFO	Running command: "C:\\Program Files\\Mozilla Firefox\\firefox.exe" "--marionette" "-headless" "--remote-debugging-port" "50011" "--remote-allow-hosts" "localhost" "-no-remote" "-profile" "C:\\Users\\ajpor\\AppData\\Local\\Temp\\rust_mozprofileewX4vA"
*** You are running in headless mode.
1658163428478	Marionette	INFO	Marionette enabled
1658163428482	Marionette	INFO	Listening on port 50022
WebDriver BiDi listening on ws://localhost:50011
Read port: 50022
1658163428671	RemoteAgent	WARN	TLS certificate errors will be ignored for this session
[GFX1-]: RenderCompositorSWGL failed mapping default framebuffer, no dt
console.warn: SearchSettings: "get: No settings file exists, new profile?" (new NotFoundError("Could not open the file at C:\\Users\\ajpor\\AppData\\Local\\Temp\\rust_mozprofileewX4vA\\search.json.mozlz4", (void 0)))
DevTools listening on ws://localhost:50011/devtools/browser/8489e5ff-f8ec-4279-8b3e-4ee5bac135be
1658163433113	geckodriver	INFO	Listening on 127.0.0.1:50140
1658163436155	mozrunner::runner	INFO	Running command: "C:\\Program Files\\Mozilla Firefox\\firefox.exe" "--marionette" "-headless" "--remote-debugging-port" "50141" "--remote-allow-hosts" "localhost" "-no-remote" "-profile" "C:\\Users\\ajpor\\AppData\\Local\\Temp\\rust_mozprofilesnT9kn"
*** You are running in headless mode.
1658163436398	Marionette	INFO	Marionette enabled
1658163436402	Marionette	INFO	Listening on port 50152
WebDriver BiDi listening on ws://localhost:50141
Read port: 50152
1658163436576	RemoteAgent	WARN	TLS certificate errors will be ignored for this session
[GFX1-]: RenderCompositorSWGL failed mapping default framebuffer, no dt
console.warn: SearchSettings: "get: No settings file exists, new profile?" (new NotFoundError("Could not open the file at C:\\Users\\ajpor\\AppData\\Local\\Temp\\rust_mozprofilesnT9kn\\search.json.mozlz4", (void 0)))
DevTools listening on ws://localhost:50141/devtools/browser/33a707f5-7230-4bea-a7ff-f69b69a76f5d
1658163440903	geckodriver	INFO	Listening on 127.0.0.1:50259
1658163444111	mozrunner::runner	INFO	Running command: "C:\\Program Files\\Mozilla Firefox\\firefox.exe" "--marionette" "-headless" "--remote-debugging-port" "50260" "--remote-allow-hosts" "localhost" "-no-remote" "-profile" "C:\\Users\\ajpor\\AppData\\Local\\Temp\\rust_mozprofileoZWNxg"
*** You are running in headless mode.
1658163444332	Marionette	INFO	Marionette enabled
1658163444336	Marionette	INFO	Listening on port 50270
WebDriver BiDi listening on ws://localhost:50260
Read port: 50270
1658163444411	RemoteAgent	WARN	TLS certificate errors will be ignored for this session
[GFX1-]: RenderCompositorSWGL failed mapping default framebuffer, no dt
console.warn: SearchSettings: "get: No settings file exists, new profile?" (new NotFoundError("Could not open the file at C:\\Users\\ajpor\\AppData\\Local\\Temp\\rust_mozprofileoZWNxg\\search.json.mozlz4", (void 0)))
DevTools listening on ws://localhost:50260/devtools/browser/ace6e1c7-a4a0-4a05-84a9-e1b2614c17b0
1658163448988	geckodriver	INFO	Listening on 127.0.0.1:50371
1658163452036	mozrunner::runner	INFO	Running command: "C:\\Program Files\\Mozilla Firefox\\firefox.exe" "--marionette" "-headless" "--remote-debugging-port" "50372" "--remote-allow-hosts" "localhost" "-no-remote" "-profile" "C:\\Users\\ajpor\\AppData\\Local\\Temp\\rust_mozprofilefNJTzB"
*** You are running in headless mode.
1658163452282	Marionette	INFO	Marionette enabled
1658163452286	Marionette	INFO	Listening on port 50385
WebDriver BiDi listening on ws://localhost:50372
Read port: 50385
1658163452470	RemoteAgent	WARN	TLS certificate errors will be ignored for this session
[GFX1-]: RenderCompositorSWGL failed mapping default framebuffer, no dt
console.warn: SearchSettings: "get: No settings file exists, new profile?" (new NotFoundError("Could not open the file at C:\\Users\\ajpor\\AppData\\Local\\Temp\\rust_mozprofilefNJTzB\\search.json.mozlz4", (void 0)))
DevTools listening on ws://localhost:50372/devtools/browser/cc0fb7af-7e35-40ce-abbd-f92700d96b32
1658163456713	geckodriver	INFO	Listening on 127.0.0.1:50491
1658163459749	mozrunner::runner	INFO	Running command: "C:\\Program Files\\Mozilla Firefox\\firefox.exe" "--marionette" "-headless" "--remote-debugging-port" "50492" "--remote-allow-hosts" "localhost" "-no-remote" "-profile" "C:\\Users\\ajpor\\AppData\\Local\\Temp\\rust_mozprofileZKt55e"
*** You are running in headless mode.
1658163459995	Marionette	INFO	Marionette enabled
1658163459999	Marionette	INFO	Listening on port 50508
WebDriver BiDi listening on ws://localhost:50492
Read port: 50508
1658163460333	RemoteAgent	WARN	TLS certificate errors will be ignored for this session
[GFX1-]: RenderCompositorSWGL failed mapping default framebuffer, no dt
console.warn: SearchSettings: "get: No settings file exists, new profile?" (new NotFoundError("Could not open the file at C:\\Users\\ajpor\\AppData\\Local\\Temp\\rust_mozprofileZKt55e\\search.json.mozlz4", (void 0)))
DevTools listening on ws://localhost:50492/devtools/browser/50d31cd0-0808-4914-8dbe-60a2dc7d29cc
1658163464993	geckodriver	INFO	Listening on 127.0.0.1:50617
1658163468015	mozrunner::runner	INFO	Running command: "C:\\Program Files\\Mozilla Firefox\\firefox.exe" "--marionette" "-headless" "--remote-debugging-port" "50618" "--remote-allow-hosts" "localhost" "-no-remote" "-profile" "C:\\Users\\ajpor\\AppData\\Local\\Temp\\rust_mozprofilenUmdsN"
*** You are running in headless mode.
1658163468241	Marionette	INFO	Marionette enabled
1658163468244	Marionette	INFO	Listening on port 50628
WebDriver BiDi listening on ws://localhost:50618
Read port: 50628
1658163468442	RemoteAgent	WARN	TLS certificate errors will be ignored for this session
[GFX1-]: RenderCompositorSWGL failed mapping default framebuffer, no dt
console.warn: SearchSettings: "get: No settings file exists, new profile?" (new NotFoundError("Could not open the file at C:\\Users\\ajpor\\AppData\\Local\\Temp\\rust_mozprofilenUmdsN\\search.json.mozlz4", (void 0)))
DevTools listening on ws://localhost:50618/devtools/browser/01928e70-109c-46a4-b6ef-09c93da6fb24
1658163473444	geckodriver	INFO	Listening on 127.0.0.1:50738
1658163476485	mozrunner::runner	INFO	Running command: "C:\\Program Files\\Mozilla Firefox\\firefox.exe" "--marionette" "-headless" "--remote-debugging-port" "50739" "--remote-allow-hosts" "localhost" "-no-remote" "-profile" "C:\\Users\\ajpor\\AppData\\Local\\Temp\\rust_mozprofileAihEPM"
*** You are running in headless mode.
1658163476729	Marionette	INFO	Marionette enabled
1658163476733	Marionette	INFO	Listening on port 50750
WebDriver BiDi listening on ws://localhost:50739
Read port: 50750
1658163477032	RemoteAgent	WARN	TLS certificate errors will be ignored for this session
[GFX1-]: RenderCompositorSWGL failed mapping default framebuffer, no dt
console.warn: SearchSettings: "get: No settings file exists, new profile?" (new NotFoundError("Could not open the file at C:\\Users\\ajpor\\AppData\\Local\\Temp\\rust_mozprofileAihEPM\\search.json.mozlz4", (void 0)))
DevTools listening on ws://localhost:50739/devtools/browser/828c6e97-2634-4e31-ae78-58b52e09c1bc
1658163481675	geckodriver	INFO	Listening on 127.0.0.1:50860
1658163484726	mozrunner::runner	INFO	Running command: "C:\\Program Files\\Mozilla Firefox\\firefox.exe" "--marionette" "-headless" "--remote-debugging-port" "50861" "--remote-allow-hosts" "localhost" "-no-remote" "-profile" "C:\\Users\\ajpor\\AppData\\Local\\Temp\\rust_mozprofileQ944lh"
*** You are running in headless mode.
1658163484955	Marionette	INFO	Marionette enabled
1658163484958	Marionette	INFO	Listening on port 50874
WebDriver BiDi listening on ws://localhost:50861
Read port: 50874
1658163485147	RemoteAgent	WARN	TLS certificate errors will be ignored for this session
[GFX1-]: RenderCompositorSWGL failed mapping default framebuffer, no dt
console.warn: SearchSettings: "get: No settings file exists, new profile?" (new NotFoundError("Could not open the file at C:\\Users\\ajpor\\AppData\\Local\\Temp\\rust_mozprofileQ944lh\\search.json.mozlz4", (void 0)))
DevTools listening on ws://localhost:50861/devtools/browser/edf544ea-f810-4ebb-9686-12a097af2bee
1658163493880	geckodriver	INFO	Listening on 127.0.0.1:50987
1658163496915	mozrunner::runner	INFO	Running command: "C:\\Program Files\\Mozilla Firefox\\firefox.exe" "--marionette" "-headless" "--remote-debugging-port" "50988" "--remote-allow-hosts" "localhost" "-no-remote" "-profile" "C:\\Users\\ajpor\\AppData\\Local\\Temp\\rust_mozprofileDcVRxr"
*** You are running in headless mode.
1658163497134	Marionette	INFO	Marionette enabled
1658163497139	Marionette	INFO	Listening on port 50999
WebDriver BiDi listening on ws://localhost:50988
Read port: 50999
1658163497388	RemoteAgent	WARN	TLS certificate errors will be ignored for this session
[GFX1-]: RenderCompositorSWGL failed mapping default framebuffer, no dt
console.warn: SearchSettings: "get: No settings file exists, new profile?" (new NotFoundError("Could not open the file at C:\\Users\\ajpor\\AppData\\Local\\Temp\\rust_mozprofileDcVRxr\\search.json.mozlz4", (void 0)))
DevTools listening on ws://localhost:50988/devtools/browser/aeaed92f-d351-4e27-98c2-4758067482a7
1658163501546	geckodriver	INFO	Listening on 127.0.0.1:51103
1658163504605	mozrunner::runner	INFO	Running command: "C:\\Program Files\\Mozilla Firefox\\firefox.exe" "--marionette" "-headless" "--remote-debugging-port" "51104" "--remote-allow-hosts" "localhost" "-no-remote" "-profile" "C:\\Users\\ajpor\\AppData\\Local\\Temp\\rust_mozprofileoc799b"
*** You are running in headless mode.
1658163504849	Marionette	INFO	Marionette enabled
1658163504852	Marionette	INFO	Listening on port 51117
WebDriver BiDi listening on ws://localhost:51104
Read port: 51117
1658163505131	RemoteAgent	WARN	TLS certificate errors will be ignored for this session
[GFX1-]: RenderCompositorSWGL failed mapping default framebuffer, no dt
console.warn: SearchSettings: "get: No settings file exists, new profile?" (new NotFoundError("Could not open the file at C:\\Users\\ajpor\\AppData\\Local\\Temp\\rust_mozprofileoc799b\\search.json.mozlz4", (void 0)))
DevTools listening on ws://localhost:51104/devtools/browser/20e33a9f-73e7-475e-afd7-1b63c3449a32
1658163509781	geckodriver	INFO	Listening on 127.0.0.1:51228
1658163512807	mozrunner::runner	INFO	Running command: "C:\\Program Files\\Mozilla Firefox\\firefox.exe" "--marionette" "-headless" "--remote-debugging-port" "51229" "--remote-allow-hosts" "localhost" "-no-remote" "-profile" "C:\\Users\\ajpor\\AppData\\Local\\Temp\\rust_mozprofilenQ3biF"
*** You are running in headless mode.
1658163513044	Marionette	INFO	Marionette enabled
1658163513048	Marionette	INFO	Listening on port 51242
WebDriver BiDi listening on ws://localhost:51229
Read port: 51242
1658163513482	RemoteAgent	WARN	TLS certificate errors will be ignored for this session
[GFX1-]: RenderCompositorSWGL failed mapping default framebuffer, no dt
console.warn: SearchSettings: "get: No settings file exists, new profile?" (new NotFoundError("Could not open the file at C:\\Users\\ajpor\\AppData\\Local\\Temp\\rust_mozprofilenQ3biF\\search.json.mozlz4", (void 0)))
DevTools listening on ws://localhost:51229/devtools/browser/92d18415-4a6b-435e-8d7d-d8bfb0996cdf
1658163517983	geckodriver	INFO	Listening on 127.0.0.1:51351
1658163521011	mozrunner::runner	INFO	Running command: "C:\\Program Files\\Mozilla Firefox\\firefox.exe" "--marionette" "-headless" "--remote-debugging-port" "51352" "--remote-allow-hosts" "localhost" "-no-remote" "-profile" "C:\\Users\\ajpor\\AppData\\Local\\Temp\\rust_mozprofilemuGD8t"
*** You are running in headless mode.
1658163521264	Marionette	INFO	Marionette enabled
1658163521267	Marionette	INFO	Listening on port 51365
WebDriver BiDi listening on ws://localhost:51352
Read port: 51365
1658163521561	RemoteAgent	WARN	TLS certificate errors will be ignored for this session
[GFX1-]: RenderCompositorSWGL failed mapping default framebuffer, no dt
console.warn: SearchSettings: "get: No settings file exists, new profile?" (new NotFoundError("Could not open the file at C:\\Users\\ajpor\\AppData\\Local\\Temp\\rust_mozprofilemuGD8t\\search.json.mozlz4", (void 0)))
DevTools listening on ws://localhost:51352/devtools/browser/471fb9bb-375e-4e12-945e-6619d411c3c8
1658163526587	geckodriver	INFO	Listening on 127.0.0.1:51473
1658163529621	mozrunner::runner	INFO	Running command: "C:\\Program Files\\Mozilla Firefox\\firefox.exe" "--marionette" "-headless" "--remote-debugging-port" "51474" "--remote-allow-hosts" "localhost" "-no-remote" "-profile" "C:\\Users\\ajpor\\AppData\\Local\\Temp\\rust_mozprofiledbjfF2"
*** You are running in headless mode.
1658163529841	Marionette	INFO	Marionette enabled
1658163529844	Marionette	INFO	Listening on port 51489
WebDriver BiDi listening on ws://localhost:51474
Read port: 51489
1658163530161	RemoteAgent	WARN	TLS certificate errors will be ignored for this session
[GFX1-]: RenderCompositorSWGL failed mapping default framebuffer, no dt
console.warn: SearchSettings: "get: No settings file exists, new profile?" (new NotFoundError("Could not open the file at C:\\Users\\ajpor\\AppData\\Local\\Temp\\rust_mozprofiledbjfF2\\search.json.mozlz4", (void 0)))
DevTools listening on ws://localhost:51474/devtools/browser/cc0da17a-815d-4875-b7ad-791e95669dd8
1658163534477	geckodriver	INFO	Listening on 127.0.0.1:51596
1658163537510	mozrunner::runner	INFO	Running command: "C:\\Program Files\\Mozilla Firefox\\firefox.exe" "--marionette" "-headless" "--remote-debugging-port" "51597" "--remote-allow-hosts" "localhost" "-no-remote" "-profile" "C:\\Users\\ajpor\\AppData\\Local\\Temp\\rust_mozprofilemMrceQ"
*** You are running in headless mode.
1658163537763	Marionette	INFO	Marionette enabled
1658163537767	Marionette	INFO	Listening on port 51611
WebDriver BiDi listening on ws://localhost:51597
Read port: 51611
1658163537947	RemoteAgent	WARN	TLS certificate errors will be ignored for this session
[GFX1-]: RenderCompositorSWGL failed mapping default framebuffer, no dt
console.warn: SearchSettings: "get: No settings file exists, new profile?" (new NotFoundError("Could not open the file at C:\\Users\\ajpor\\AppData\\Local\\Temp\\rust_mozprofilemMrceQ\\search.json.mozlz4", (void 0)))
DevTools listening on ws://localhost:51597/devtools/browser/53f04e2b-b3df-4e3a-b9a1-b77d2f9c47f8
1658163543365	geckodriver	INFO	Listening on 127.0.0.1:51716
1658163546401	mozrunner::runner	INFO	Running command: "C:\\Program Files\\Mozilla Firefox\\firefox.exe" "--marionette" "-headless" "--remote-debugging-port" "51717" "--remote-allow-hosts" "localhost" "-no-remote" "-profile" "C:\\Users\\ajpor\\AppData\\Local\\Temp\\rust_mozprofileFMCF9e"
*** You are running in headless mode.
1658163546640	Marionette	INFO	Marionette enabled
1658163546643	Marionette	INFO	Listening on port 51731
WebDriver BiDi listening on ws://localhost:51717
Read port: 51731
1658163546832	RemoteAgent	WARN	TLS certificate errors will be ignored for this session
[GFX1-]: RenderCompositorSWGL failed mapping default framebuffer, no dt
console.warn: SearchSettings: "get: No settings file exists, new profile?" (new NotFoundError("Could not open the file at C:\\Users\\ajpor\\AppData\\Local\\Temp\\rust_mozprofileFMCF9e\\search.json.mozlz4", (void 0)))
DevTools listening on ws://localhost:51717/devtools/browser/172d6f40-e84b-4cb4-8eec-2965a298ab4b
1658163551330	geckodriver	INFO	Listening on 127.0.0.1:51839
1658163554371	mozrunner::runner	INFO	Running command: "C:\\Program Files\\Mozilla Firefox\\firefox.exe" "--marionette" "-headless" "--remote-debugging-port" "51840" "--remote-allow-hosts" "localhost" "-no-remote" "-profile" "C:\\Users\\ajpor\\AppData\\Local\\Temp\\rust_mozprofileWTzgEr"
*** You are running in headless mode.
1658163554616	Marionette	INFO	Marionette enabled
1658163554620	Marionette	INFO	Listening on port 51852
WebDriver BiDi listening on ws://localhost:51840
Read port: 51852
1658163554944	RemoteAgent	WARN	TLS certificate errors will be ignored for this session
[GFX1-]: RenderCompositorSWGL failed mapping default framebuffer, no dt
console.warn: SearchSettings: "get: No settings file exists, new profile?" (new NotFoundError("Could not open the file at C:\\Users\\ajpor\\AppData\\Local\\Temp\\rust_mozprofileWTzgEr\\search.json.mozlz4", (void 0)))
DevTools listening on ws://localhost:51840/devtools/browser/fbfd43b6-4df6-48e2-a6ed-cde93245ff27
1658163560056	geckodriver	INFO	Listening on 127.0.0.1:51962
1658163563096	mozrunner::runner	INFO	Running command: "C:\\Program Files\\Mozilla Firefox\\firefox.exe" "--marionette" "-headless" "--remote-debugging-port" "51963" "--remote-allow-hosts" "localhost" "-no-remote" "-profile" "C:\\Users\\ajpor\\AppData\\Local\\Temp\\rust_mozprofileHHfafx"
*** You are running in headless mode.
1658163563342	Marionette	INFO	Marionette enabled
1658163563345	Marionette	INFO	Listening on port 51977
WebDriver BiDi listening on ws://localhost:51963
Read port: 51977
1658163563531	RemoteAgent	WARN	TLS certificate errors will be ignored for this session
[GFX1-]: RenderCompositorSWGL failed mapping default framebuffer, no dt
console.warn: SearchSettings: "get: No settings file exists, new profile?" (new NotFoundError("Could not open the file at C:\\Users\\ajpor\\AppData\\Local\\Temp\\rust_mozprofileHHfafx\\search.json.mozlz4", (void 0)))
DevTools listening on ws://localhost:51963/devtools/browser/b35ce030-7eb1-42ff-875f-50fad8d88f47
1658163568569	geckodriver	INFO	Listening on 127.0.0.1:52096
1658163571602	mozrunner::runner	INFO	Running command: "C:\\Program Files\\Mozilla Firefox\\firefox.exe" "--marionette" "-headless" "--remote-debugging-port" "52097" "--remote-allow-hosts" "localhost" "-no-remote" "-profile" "C:\\Users\\ajpor\\AppData\\Local\\Temp\\rust_mozprofile6Qjh8R"
*** You are running in headless mode.
1658163571825	Marionette	INFO	Marionette enabled
1658163571829	Marionette	INFO	Listening on port 52112
WebDriver BiDi listening on ws://localhost:52097
Read port: 52112
1658163572324	RemoteAgent	WARN	TLS certificate errors will be ignored for this session
[GFX1-]: RenderCompositorSWGL failed mapping default framebuffer, no dt
console.warn: SearchSettings: "get: No settings file exists, new profile?" (new NotFoundError("Could not open the file at C:\\Users\\ajpor\\AppData\\Local\\Temp\\rust_mozprofile6Qjh8R\\search.json.mozlz4", (void 0)))
DevTools listening on ws://localhost:52097/devtools/browser/76eb1d1a-7f55-488f-be81-3025e1bcb056
1658163577052	geckodriver	INFO	Listening on 127.0.0.1:52219
1658163580096	mozrunner::runner	INFO	Running command: "C:\\Program Files\\Mozilla Firefox\\firefox.exe" "--marionette" "-headless" "--remote-debugging-port" "52220" "--remote-allow-hosts" "localhost" "-no-remote" "-profile" "C:\\Users\\ajpor\\AppData\\Local\\Temp\\rust_mozprofileWS9pMk"
*** You are running in headless mode.
1658163580383	Marionette	INFO	Marionette enabled
1658163580387	Marionette	INFO	Listening on port 52232
WebDriver BiDi listening on ws://localhost:52220
Read port: 52232
1658163580498	RemoteAgent	WARN	TLS certificate errors will be ignored for this session
[GFX1-]: RenderCompositorSWGL failed mapping default framebuffer, no dt
console.warn: SearchSettings: "get: No settings file exists, new profile?" (new NotFoundError("Could not open the file at C:\\Users\\ajpor\\AppData\\Local\\Temp\\rust_mozprofileWS9pMk\\search.json.mozlz4", (void 0)))
DevTools listening on ws://localhost:52220/devtools/browser/88362bd8-4746-4793-8979-ca4f48476c32
1658163585646	geckodriver	INFO	Listening on 127.0.0.1:52344
1658163588688	mozrunner::runner	INFO	Running command: "C:\\Program Files\\Mozilla Firefox\\firefox.exe" "--marionette" "-headless" "--remote-debugging-port" "52345" "--remote-allow-hosts" "localhost" "-no-remote" "-profile" "C:\\Users\\ajpor\\AppData\\Local\\Temp\\rust_mozprofile8qo1Xp"
*** You are running in headless mode.
1658163588990	Marionette	INFO	Marionette enabled
1658163588994	Marionette	INFO	Listening on port 52364
WebDriver BiDi listening on ws://localhost:52345
Read port: 52364
1658163589116	RemoteAgent	WARN	TLS certificate errors will be ignored for this session
[GFX1-]: RenderCompositorSWGL failed mapping default framebuffer, no dt
console.warn: SearchSettings: "get: No settings file exists, new profile?" (new NotFoundError("Could not open the file at C:\\Users\\ajpor\\AppData\\Local\\Temp\\rust_mozprofile8qo1Xp\\search.json.mozlz4", (void 0)))
DevTools listening on ws://localhost:52345/devtools/browser/87b04d37-6109-4fd5-8cad-65f364f5f208
1658163593730	geckodriver	INFO	Listening on 127.0.0.1:52486
1658163596776	mozrunner::runner	INFO	Running command: "C:\\Program Files\\Mozilla Firefox\\firefox.exe" "--marionette" "-headless" "--remote-debugging-port" "52487" "--remote-allow-hosts" "localhost" "-no-remote" "-profile" "C:\\Users\\ajpor\\AppData\\Local\\Temp\\rust_mozprofileFAEtsL"
*** You are running in headless mode.
1658163597007	Marionette	INFO	Marionette enabled
1658163597011	Marionette	INFO	Listening on port 52500
WebDriver BiDi listening on ws://localhost:52487
Read port: 52500
1658163597260	RemoteAgent	WARN	TLS certificate errors will be ignored for this session
[GFX1-]: RenderCompositorSWGL failed mapping default framebuffer, no dt
console.warn: SearchSettings: "get: No settings file exists, new profile?" (new NotFoundError("Could not open the file at C:\\Users\\ajpor\\AppData\\Local\\Temp\\rust_mozprofileFAEtsL\\search.json.mozlz4", (void 0)))
DevTools listening on ws://localhost:52487/devtools/browser/c6b4f6c5-01a3-4393-bcc4-bf93eeed9d01
1658163601745	geckodriver	INFO	Listening on 127.0.0.1:52608
1658163604781	mozrunner::runner	INFO	Running command: "C:\\Program Files\\Mozilla Firefox\\firefox.exe" "--marionette" "-headless" "--remote-debugging-port" "52609" "--remote-allow-hosts" "localhost" "-no-remote" "-profile" "C:\\Users\\ajpor\\AppData\\Local\\Temp\\rust_mozprofileJFSivs"
*** You are running in headless mode.
1658163605019	Marionette	INFO	Marionette enabled
1658163605022	Marionette	INFO	Listening on port 52625
WebDriver BiDi listening on ws://localhost:52609
Read port: 52625
1658163605302	RemoteAgent	WARN	TLS certificate errors will be ignored for this session
[GFX1-]: RenderCompositorSWGL failed mapping default framebuffer, no dt
console.warn: SearchSettings: "get: No settings file exists, new profile?" (new NotFoundError("Could not open the file at C:\\Users\\ajpor\\AppData\\Local\\Temp\\rust_mozprofileJFSivs\\search.json.mozlz4", (void 0)))
DevTools listening on ws://localhost:52609/devtools/browser/8b188ae2-7e51-42e2-b042-19809175a575
